Determining if the pthread_create exist failed with the following output:
Change Dir: /home/idp/dtm_ros/yolov3_ws/build/CMakeFiles/CMakeTmp

Run Build Command:"/usr/bin/make" "cmTC_2684d/fast"
/usr/bin/make -f CMakeFiles/cmTC_2684d.dir/build.make CMakeFiles/cmTC_2684d.dir/build
make[1]: 디렉터리 '/home/idp/dtm_ros/yolov3_ws/build/CMakeFiles/CMakeTmp' 들어감
Building C object CMakeFiles/cmTC_2684d.dir/CheckSymbolExists.c.o
/usr/bin/cc    -o CMakeFiles/cmTC_2684d.dir/CheckSymbolExists.c.o   -c /home/idp/dtm_ros/yolov3_ws/build/CMakeFiles/CMakeTmp/CheckSymbolExists.c
Linking C executable cmTC_2684d
/usr/bin/cmake -E cmake_link_script CMakeFiles/cmTC_2684d.dir/link.txt --verbose=1
/usr/bin/cc      -rdynamic CMakeFiles/cmTC_2684d.dir/CheckSymbolExists.c.o  -o cmTC_2684d 
CMakeFiles/cmTC_2684d.dir/CheckSymbolExists.c.o: In function `main':
CheckSymbolExists.c:(.text+0x1b): undefined reference to `pthread_create'
collect2: error: ld returned 1 exit status
CMakeFiles/cmTC_2684d.dir/build.make:97: recipe for target 'cmTC_2684d' failed
make[1]: *** [cmTC_2684d] Error 1
make[1]: 디렉터리 '/home/idp/dtm_ros/yolov3_ws/build/CMakeFiles/CMakeTmp' 나감
Makefile:126: recipe for target 'cmTC_2684d/fast' failed
make: *** [cmTC_2684d/fast] Error 2

File /home/idp/dtm_ros/yolov3_ws/build/CMakeFiles/CMakeTmp/CheckSymbolExists.c:
/* */
#include <pthread.h>

int main(int argc, char** argv)
{
  (void)argv;
#ifndef pthread_create
  return ((int*)(&pthread_create))[argc];
#else
  (void)argc;
  return 0;
#endif
}

Determining if the function pthread_create exists in the pthreads failed with the following output:
Change Dir: /home/idp/dtm_ros/yolov3_ws/build/CMakeFiles/CMakeTmp

Run Build Command:"/usr/bin/make" "cmTC_d4d0d/fast"
/usr/bin/make -f CMakeFiles/cmTC_d4d0d.dir/build.make CMakeFiles/cmTC_d4d0d.dir/build
make[1]: 디렉터리 '/home/idp/dtm_ros/yolov3_ws/build/CMakeFiles/CMakeTmp' 들어감
Building C object CMakeFiles/cmTC_d4d0d.dir/CheckFunctionExists.c.o
/usr/bin/cc   -DCHECK_FUNCTION_EXISTS=pthread_create   -o CMakeFiles/cmTC_d4d0d.dir/CheckFunctionExists.c.o   -c /usr/share/cmake-3.10/Modules/CheckFunctionExists.c
Linking C executable cmTC_d4d0d
/usr/bin/cmake -E cmake_link_script CMakeFiles/cmTC_d4d0d.dir/link.txt --verbose=1
/usr/bin/cc  -DCHECK_FUNCTION_EXISTS=pthread_create    -rdynamic CMakeFiles/cmTC_d4d0d.dir/CheckFunctionExists.c.o  -o cmTC_d4d0d -lpthreads 
/usr/bin/ld: cannot find -lpthreads
collect2: error: ld returned 1 exit status
CMakeFiles/cmTC_d4d0d.dir/build.make:97: recipe for target 'cmTC_d4d0d' failed
make[1]: *** [cmTC_d4d0d] Error 1
make[1]: 디렉터리 '/home/idp/dtm_ros/yolov3_ws/build/CMakeFiles/CMakeTmp' 나감
Makefile:126: recipe for target 'cmTC_d4d0d/fast' failed
make: *** [cmTC_d4d0d/fast] Error 2


